<?xml version="1.0" encoding="UTF-8"?>
<!-- Generated by org.testng.reporters.JUnitReportReporter -->
<testsuite hostname="DESKTOP-UJEM81M" failures="0" tests="13" name="mosaferTest.AppTest" time="24.263" errors="0" timestamp="2025-05-05T16:00:20 GMT+03:00" skipped="0">
  <testcase classname="mosaferTest.AppTest" name="CheckTheDefaultLanguageIsEnglish" time="0.085"/>
  <system-out/>
  <testcase classname="mosaferTest.AppTest" name="CheckTheCurrencyIsSAR" time="0.066"/>
  <system-out/>
  <testcase classname="mosaferTest.AppTest" name="CheckTheContactNum" time="0.039"/>
  <system-out/>
  <testcase classname="mosaferTest.AppTest" name="navigateToSite" time="5.287"/>
  <system-out/>
  <testcase classname="mosaferTest.AppTest" name="verifyQitafLogoIsDisplayed" time="0.497"/>
  <system-out/>
  <testcase classname="mosaferTest.AppTest" name="HotelTab" time="0.032"/>
  <system-out/>
  <testcase classname="mosaferTest.AppTest" name="DepartureFlightDate" time="0.033"/>
  <system-out/>
  <testcase classname="mosaferTest.AppTest" name="ReturnFlightDate" time="0.039"/>
  <system-out/>
  <testcase classname="mosaferTest.AppTest" name="randomLanguageSwitch" time="1.047"/>
  <system-out/>
  <testcase classname="mosaferTest.AppTest" name="switchToHotelTabAndSearch" time="3.010"/>
  <system-out/>
  <testcase classname="mosaferTest.AppTest" name="selectRoomDetails" time="0.329"/>
  <system-out/>
  <testcase classname="mosaferTest.AppTest" name="clickSearchHotels" time="2.802"/>
  <system-out/>
  <testcase classname="mosaferTest.AppTest" name="waitForSearchResults" time="10.997"/>
  <system-out/>
</testsuite> <!-- mosaferTest.AppTest -->
